<?xml version="1.0" encoding="UTF-8" standalone="yes"?><!DOCTYPE report PUBLIC "-//JACOCO//DTD Report 1.1//EN" "report.dtd"><report name="parking-system"><sessioninfo id="instantsolid-jaguarviolin-69e8692a" start="1679905220946" dump="1679905221925"/><sessioninfo id="instantsolid-jaguarviolin-3a5c533a" start="1679908343711" dump="1679908346716"/><sessioninfo id="instantsolid-jaguarviolin-affb24d8" start="1679908537604" dump="1679908540245"/><sessioninfo id="instantsolid-jaguarviolin-9a06537b" start="1680000483233" dump="1680000485962"/><sessioninfo id="instantsolid-jaguarviolin-9e22c31d" start="1680001486258" dump="1680001488891"/><sessioninfo id="instantsolid-jaguarviolin-61cf6d80" start="1680001513019" dump="1680001514213"/><sessioninfo id="instantsolid-jaguarviolin-979066d1" start="1680001599693" dump="1680001602436"/><sessioninfo id="instantsolid-jaguarviolin-e11e0dcf" start="1680001875541" dump="1680001876446"/><sessioninfo id="instantsolid-jaguarviolin-42036657" start="1680001887677" dump="1680001890168"/><sessioninfo id="instantsolid-jaguarviolin-73f42a2b" start="1680002092497" dump="1680002094808"/><sessioninfo id="instantsolid-jaguarviolin-6a5df832" start="1680002728379" dump="1680002732018"/><sessioninfo id="instantsolid-jaguarviolin-39e2ef36" start="1680003190423" dump="1680003192845"/><sessioninfo id="instantsolid-jaguarviolin-689826cd" start="1680003523502" dump="1680003526097"/><sessioninfo id="instantsolid-jaguarviolin-ed62283d" start="1680003809243" dump="1680003813832"/><sessioninfo id="instantsolid-jaguarviolin-77d2c445" start="1680004086534" dump="1680004089132"/><sessioninfo id="instantsolid-jaguarviolin-858e6a02" start="1680005106369" dump="1680005109097"/><sessioninfo id="instantsolid-jaguarviolin-692429ff" start="1680005321136" dump="1680005323088"/><sessioninfo id="instantsolid-jaguarviolin-8f4c99e5" start="1680005757581" dump="1680005762838"/><sessioninfo id="instantsolid-jaguarviolin-2f598545" start="1680005781200" dump="1680005783153"/><sessioninfo id="instantsolid-jaguarviolin-58969200" start="1680006018293" dump="1680006022960"/><sessioninfo id="instantsolid-jaguarviolin-88720787" start="1680006969783" dump="1680006970927"/><sessioninfo id="instantsolid-jaguarviolin-90ae154f" start="1680007066145" dump="1680007069080"/><sessioninfo id="instantsolid-jaguarviolin-af0163fa" start="1680007199001" dump="1680007205391"/><sessioninfo id="instantsolid-jaguarviolin-49c58fb1" start="1680007419240" dump="1680007423937"/><sessioninfo id="instantsolid-jaguarviolin-8b3e0cb8" start="1680007439460" dump="1680007440895"/><sessioninfo id="instantsolid-jaguarviolin-c85d52a5" start="1680012314468" dump="1680012319167"/><sessioninfo id="instantsolid-jaguarviolin-ff196940" start="1680013355035" dump="1680013360243"/><sessioninfo id="instantsolid-jaguarviolin-f97a0551" start="1680014215173" dump="1680014219470"/><sessioninfo id="instantsolid-jaguarviolin-1529d830" start="1680014951946" dump="1680014958406"/><sessioninfo id="instantsolid-jaguarviolin-75f5da9a" start="1680015092079" dump="1680015096849"/><sessioninfo id="instantsolid-jaguarviolin-c39b0633" start="1680084456550" dump="1680084458986"/><sessioninfo id="instantsolid-jaguarviolin-8c60aa1e" start="1680095352994" dump="1680095356092"/><sessioninfo id="instantsolid-jaguarviolin-e80589e" start="1680096463948" dump="1680096467645"/><sessioninfo id="instantsolid-jaguarviolin-213377f1" start="1680099281553" dump="1680099284544"/><sessioninfo id="instantsolid-jaguarviolin-4d6d941c" start="1680100014486" dump="1680100019133"/><sessioninfo id="instantsolid-jaguarviolin-6ca9b8c0" start="1680100869087" dump="1680100871994"/><sessioninfo id="instantsolid-jaguarviolin-91ff4f4c" start="1680101833196" dump="1680101842591"/><sessioninfo id="instantsolid-jaguarviolin-afe3c3ce" start="1680102402373" dump="1680102411920"/><sessioninfo id="instantsolid-jaguarviolin-9ba4b703" start="1680102808433" dump="1680102816398"/><sessioninfo id="instantsolid-jaguarviolin-8fbdea9b" start="1680103229688" dump="1680103232596"/><sessioninfo id="instantsolid-jaguarviolin-b08f3ebd" start="1680103636938" dump="1680103639883"/><sessioninfo id="instantsolid-jaguarviolin-79ed0e44" start="1680103659335" dump="1680103660459"/><sessioninfo id="instantsolid-jaguarviolin-80dc9c7e" start="1680103700680" dump="1680103701715"/><sessioninfo id="instantsolid-jaguarviolin-e0c94bb0" start="1680176853861" dump="1680176857161"/><sessioninfo id="instantsolid-jaguarviolin-69db93b8" start="1680177946768" dump="1680177950525"/><sessioninfo id="instantsolid-jaguarviolin-8b11bbe6" start="1680178247792" dump="1680178250755"/><sessioninfo id="instantsolid-jaguarviolin-ac1d134f" start="1680178602969" dump="1680178605874"/><sessioninfo id="instantsolid-jaguarviolin-2d119a0" start="1680178768565" dump="1680178774019"/><sessioninfo id="instantsolid-jaguarviolin-7ff0c7a1" start="1680178848841" dump="1680178855204"/><sessioninfo id="instantsolid-jaguarviolin-be41e56c" start="1680181014041" dump="1680181018647"/><sessioninfo id="instantsolid-jaguarviolin-ce868393" start="1680181114715" dump="1680181118194"/><sessioninfo id="instantsolid-jaguarviolin-d127e102" start="1680181126041" dump="1680181131418"/><sessioninfo id="instantsolid-jaguarviolin-66148ec6" start="1680255015429" dump="1680255018414"/><sessioninfo id="instantsolid-jaguarviolin-bf03eda3" start="1680257750352" dump="1680257753348"/><sessioninfo id="instantsolid-jaguarviolin-c39516a4" start="1680257799541" dump="1680257802049"/><sessioninfo id="instantsolid-jaguarviolin-1c6e09f8" start="1680259066177" dump="1680259068783"/><sessioninfo id="instantsolid-jaguarviolin-3f00f5d6" start="1680276070077" dump="1680276074858"/><sessioninfo id="instantsolid-jaguarviolin-741ace4" start="1680339036483" dump="1680339038712"/><sessioninfo id="instantsolid-jaguarviolin-378fdec2" start="1680339739024" dump="1680339741329"/><sessioninfo id="instantsolid-jaguarviolin-6a2755cd" start="1680340620352" dump="1680340622914"/><sessioninfo id="instantsolid-jaguarviolin-211cf633" start="1680341144627" dump="1680341146764"/><sessioninfo id="instantsolid-jaguarviolin-68f3ddf4" start="1680341214636" dump="1680341216888"/><sessioninfo id="instantsolid-jaguarviolin-c602151" start="1680341274441" dump="1680341276626"/><sessioninfo id="instantsolid-jaguarviolin-472f1963" start="1680341524198" dump="1680341526304"/><sessioninfo id="instantsolid-jaguarviolin-398f4244" start="1680341675499" dump="1680341677703"/><sessioninfo id="instantsolid-jaguarviolin-573c3154" start="1680342172375" dump="1680342174643"/><sessioninfo id="instantsolid-jaguarviolin-86a95a77" start="1680342257088" dump="1680342259374"/><sessioninfo id="instantsolid-jaguarviolin-5fcc00ba" start="1680342294180" dump="1680342296473"/><sessioninfo id="instantsolid-jaguarviolin-48652ce4" start="1680342680730" dump="1680342682815"/><sessioninfo id="instantsolid-jaguarviolin-6a89031e" start="1680342808785" dump="1680342810962"/><sessioninfo id="instantsolid-jaguarviolin-17bbcae4" start="1680343207388" dump="1680343210520"/><sessioninfo id="instantsolid-jaguarviolin-7a0596bb" start="1680343692211" dump="1680343694368"/><sessioninfo id="instantsolid-jaguarviolin-c878195" start="1680343858759" dump="1680343861071"/><sessioninfo id="instantsolid-jaguarviolin-d259b04e" start="1680344878199" dump="1680344881031"/><sessioninfo id="instantsolid-jaguarviolin-adc2bfa5" start="1680345552581" dump="1680345555526"/><sessioninfo id="instantsolid-jaguarviolin-663a1cf0" start="1680345667388" dump="1680345669587"/><sessioninfo id="instantsolid-jaguarviolin-21e99f36" start="1680346017315" dump="1680346019523"/><sessioninfo id="instantsolid-jaguarviolin-da3db92c" start="1680346395195" dump="1680346397330"/><sessioninfo id="instantsolid-jaguarviolin-f2920ffc" start="1680346628062" dump="1680346630336"/><sessioninfo id="instantsolid-jaguarviolin-af47ace4" start="1680346723972" dump="1680346726135"/><sessioninfo id="instantsolid-jaguarviolin-dcfe1b30" start="1680346834622" dump="1680346836910"/><sessioninfo id="instantsolid-jaguarviolin-4f018f30" start="1680346861243" dump="1680346864086"/><sessioninfo id="instantsolid-jaguarviolin-3a5f8da6" start="1680347027909" dump="1680347030137"/><sessioninfo id="instantsolid-jaguarviolin-54385170" start="1680347112317" dump="1680347116901"/><sessioninfo id="instantsolid-jaguarviolin-a439588d" start="1680347143095" dump="1680347145865"/><sessioninfo id="instantsolid-jaguarviolin-d8cb9c34" start="1680347244266" dump="1680347247821"/><sessioninfo id="instantsolid-jaguarviolin-67b4b15c" start="1680347309335" dump="1680347311911"/><sessioninfo id="instantsolid-jaguarviolin-ffdd7e77" start="1680347333353" dump="1680347336704"/><sessioninfo id="instantsolid-jaguarviolin-e26aa6de" start="1680347577669" dump="1680347580130"/><sessioninfo id="instantsolid-jaguarviolin-c816f322" start="1680348071347" dump="1680348074031"/><sessioninfo id="instantsolid-jaguarviolin-4f76a744" start="1680348170360" dump="1680348173171"/><sessioninfo id="instantsolid-jaguarviolin-64ef0686" start="1680348272814" dump="1680348275459"/><sessioninfo id="instantsolid-jaguarviolin-898ae45b" start="1680348463293" dump="1680348465936"/><sessioninfo id="instantsolid-jaguarviolin-c150a83a" start="1680348591678" dump="1680348594031"/><sessioninfo id="instantsolid-jaguarviolin-577b6330" start="1680348767319" dump="1680348769539"/><sessioninfo id="instantsolid-jaguarviolin-90a5f40c" start="1680348792306" dump="1680348794389"/><sessioninfo id="instantsolid-jaguarviolin-322f238d" start="1680348883704" dump="1680348885882"/><sessioninfo id="instantsolid-jaguarviolin-b56dddfb" start="1680351979700" dump="1680351982289"/><sessioninfo id="instantsolid-jaguarviolin-f169976b" start="1680354070689" dump="1680354073479"/><sessioninfo id="instantsolid-jaguarviolin-633752d9" start="1680354253385" dump="1680354255720"/><sessioninfo id="instantsolid-jaguarviolin-9b3c1685" start="1680354324690" dump="1680354327554"/><sessioninfo id="instantsolid-jaguarviolin-26e560f3" start="1680354401405" dump="1680354406069"/><sessioninfo id="instantsolid-jaguarviolin-1cd6efad" start="1680354445634" dump="1680354449638"/><sessioninfo id="instantsolid-jaguarviolin-c6c0b458" start="1680354497302" dump="1680354499701"/><sessioninfo id="instantsolid-jaguarviolin-94ffeb4c" start="1680354698424" dump="1680354700986"/><sessioninfo id="instantsolid-jaguarviolin-96f9c56e" start="1680354950476" dump="1680354953425"/><sessioninfo id="instantsolid-jaguarviolin-91c50e7e" start="1680354984697" dump="1680354987382"/><sessioninfo id="instantsolid-jaguarviolin-98103ce2" start="1680355032866" dump="1680355036556"/><sessioninfo id="instantsolid-jaguarviolin-6393f35d" start="1680356112550" dump="1680356118487"/><sessioninfo id="instantsolid-jaguarviolin-98a5635d" start="1680516240504" dump="1680516242764"/><sessioninfo id="instantsolid-jaguarviolin-554db4e4" start="1680516802544" dump="1680516805491"/><sessioninfo id="instantsolid-jaguarviolin-c1301d6" start="1680516869512" dump="1680516872553"/><sessioninfo id="instantsolid-jaguarviolin-29021a08" start="1680555140084" dump="1680555142388"/><sessioninfo id="instantsolid-jaguarviolin-93554f1f" start="1680555585401" dump="1680555587725"/><sessioninfo id="instantsolid-jaguarviolin-93f0cc2a" start="1680562138736" dump="1680562143362"/><sessioninfo id="instantsolid-jaguarviolin-9fb84c5c" start="1680562221965" dump="1680562225599"/><sessioninfo id="instantsolid-jaguarviolin-ab1116bd" start="1680562230662" dump="1680562233869"/><sessioninfo id="instantsolid-jaguarviolin-7ace9326" start="1680562290900" dump="1680562293199"/><sessioninfo id="instantsolid-jaguarviolin-c5bbd3c2" start="1680562296909" dump="1680562299056"/><sessioninfo id="instantsolid-jaguarviolin-6bd50ae0" start="1680773614740" dump="1680773617749"/><sessioninfo id="instantsolid-jaguarviolin-8d7b0981" start="1680773780936" dump="1680773785498"/><sessioninfo id="instantsolid-jaguarviolin-23ebb930" start="1680773831005" dump="1680773833782"/><sessioninfo id="instantsolid-jaguarviolin-7e0f9f08" start="1680774430573" dump="1680774433263"/><sessioninfo id="instantsolid-jaguarviolin-845dadd8" start="1680774780305" dump="1680774783302"/><sessioninfo id="instantsolid-jaguarviolin-edac2628" start="1680775042499" dump="1680775045331"/><sessioninfo id="instantsolid-jaguarviolin-f00c87dc" start="1680775153977" dump="1680775156675"/><sessioninfo id="instantsolid-jaguarviolin-f8c78303" start="1680775275244" dump="1680775277933"/><sessioninfo id="instantsolid-jaguarviolin-ee6d279f" start="1680775303353" dump="1680775305835"/><sessioninfo id="instantsolid-jaguarviolin-769cb53a" start="1680775332030" dump="1680775335127"/><sessioninfo id="instantsolid-jaguarviolin-8dbc1df8" start="1680775677120" dump="1680775679870"/><sessioninfo id="instantsolid-jaguarviolin-47a84a9a" start="1680799573006" dump="1680799577096"/><sessioninfo id="instantsolid-jaguarviolin-bf4685f0" start="1680800214409" dump="1680800219369"/><sessioninfo id="instantsolid-jaguarviolin-4b2a9927" start="1680800265167" dump="1680800269369"/><sessioninfo id="instantsolid-jaguarviolin-3cc103d3" start="1680801248746" dump="1680801251805"/><sessioninfo id="instantsolid-jaguarviolin-4c102d95" start="1680801313236" dump="1680801316994"/><sessioninfo id="instantsolid-jaguarviolin-5db7fcb1" start="1680801344339" dump="1680801347279"/><sessioninfo id="instantsolid-jaguarviolin-abef67a9" start="1680801425916" dump="1680801429583"/><sessioninfo id="instantsolid-jaguarviolin-118f1082" start="1680801567967" dump="1680801571445"/><sessioninfo id="instantsolid-jaguarviolin-9fdbf720" start="1680801936213" dump="1680801938971"/><sessioninfo id="instantsolid-jaguarviolin-6882bbc6" start="1680809257170" dump="1680809259566"/><sessioninfo id="instantsolid-jaguarviolin-2d02db8a" start="1680809749615" dump="1680809752314"/><sessioninfo id="instantsolid-jaguarviolin-339200f2" start="1680809819978" dump="1680809822471"/><sessioninfo id="instantsolid-jaguarviolin-39d7b1e7" start="1680809853040" dump="1680809855399"/><sessioninfo id="instantsolid-jaguarviolin-6506f390" start="1680810803176" dump="1680810805652"/><sessioninfo id="instantsolid-jaguarviolin-8208079b" start="1680810896654" dump="1680810899019"/><sessioninfo id="instantsolid-jaguarviolin-2181c09e" start="1680810943883" dump="1680810946320"/><sessioninfo id="instantsolid-jaguarviolin-7397adb9" start="1680811216458" dump="1680811218926"/><sessioninfo id="instantsolid-jaguarviolin-5c5956e9" start="1680811355215" dump="1680811357711"/><sessioninfo id="instantsolid-jaguarviolin-52ab81e5" start="1680811392136" dump="1680811394444"/><sessioninfo id="instantsolid-jaguarviolin-8ad13bce" start="1680811525338" dump="1680811527587"/><sessioninfo id="instantsolid-jaguarviolin-ecca3983" start="1680811613311" dump="1680811616198"/><sessioninfo id="instantsolid-jaguarviolin-af830c4e" start="1680811684785" dump="1680811687070"/><sessioninfo id="instantsolid-jaguarviolin-943f5fa5" start="1680811852763" dump="1680811855059"/><sessioninfo id="instantsolid-jaguarviolin-4dc57acb" start="1680811861205" dump="1680811865223"/><sessioninfo id="instantsolid-jaguarviolin-b19f9dbe" start="1680811930913" dump="1680811933289"/><sessioninfo id="instantsolid-jaguarviolin-8c5616e7" start="1680812029875" dump="1680812032189"/><sessioninfo id="instantsolid-jaguarviolin-bb5935b2" start="1680812038448" dump="1680812042137"/><sessioninfo id="instantsolid-jaguarviolin-fbd51432" start="1680814196812" dump="1680814199348"/><sessioninfo id="instantsolid-jaguarviolin-263df1cb" start="1680814206115" dump="1680814210616"/><sessioninfo id="instantsolid-jaguarviolin-3c9d298e" start="1680814236960" dump="1680814239423"/><sessioninfo id="instantsolid-jaguarviolin-f568ed" start="1680814272978" dump="1680814275343"/><sessioninfo id="instantsolid-jaguarviolin-73e8dbaa" start="1680814377366" dump="1680814380547"/><sessioninfo id="instantsolid-jaguarviolin-6d53aae2" start="1680814421422" dump="1680814424440"/><sessioninfo id="instantsolid-jaguarviolin-d2613427" start="1680814712144" dump="1680814714718"/><sessioninfo id="instantsolid-jaguarviolin-b732153c" start="1680814862976" dump="1680814865411"/><sessioninfo id="instantsolid-jaguarviolin-86360d11" start="1680815170905" dump="1680815173337"/><sessioninfo id="instantsolid-jaguarviolin-bb0cd11e" start="1680815381605" dump="1680815384719"/><sessioninfo id="instantsolid-jaguarviolin-93f98672" start="1680815509329" dump="1680815511873"/><sessioninfo id="instantsolid-jaguarviolin-c1fbe377" start="1680815518877" dump="1680815524093"/><sessioninfo id="instantsolid-jaguarviolin-8f2f607" start="1680815785765" dump="1680815788213"/><sessioninfo id="instantsolid-jaguarviolin-b6e7b379" start="1680815858372" dump="1680815860888"/><sessioninfo id="instantsolid-jaguarviolin-d7bea294" start="1680815966070" dump="1680815968419"/><sessioninfo id="instantsolid-jaguarviolin-5e65c8d9" start="1680816170078" dump="1680816172498"/><sessioninfo id="instantsolid-jaguarviolin-be55fba4" start="1680816245993" dump="1680816248167"/><sessioninfo id="instantsolid-jaguarviolin-befe8790" start="1680816267796" dump="1680816270412"/><sessioninfo id="instantsolid-jaguarviolin-343a9b94" start="1680816397418" dump="1680816400087"/><sessioninfo id="instantsolid-jaguarviolin-19248193" start="1680816428241" dump="1680816431042"/><sessioninfo id="instantsolid-jaguarviolin-8ba6b2a2" start="1680816600003" dump="1680816602537"/><sessioninfo id="instantsolid-jaguarviolin-ffbe720" start="1680816647973" dump="1680816650275"/><sessioninfo id="instantsolid-jaguarviolin-a54ac511" start="1680817048769" dump="1680817051168"/><sessioninfo id="instantsolid-jaguarviolin-5a6d6562" start="1680856810225" dump="1680856814120"/><sessioninfo id="instantsolid-jaguarviolin-5c313330" start="1680856866314" dump="1680856880258"/><sessioninfo id="instantsolid-jaguarviolin-84e3b110" start="1680857065519" dump="1680857069058"/><sessioninfo id="instantsolid-jaguarviolin-b2822dc5" start="1680857131225" dump="1680857134472"/><sessioninfo id="instantsolid-jaguarviolin-c9285fac" start="1680857241695" dump="1680857244626"/><sessioninfo id="instantsolid-jaguarviolin-d24826d0" start="1680857785295" dump="1680857789807"/><sessioninfo id="instantsolid-jaguarviolin-77808b17" start="1680857917476" dump="1680857920778"/><sessioninfo id="instantsolid-jaguarviolin-a950fc05" start="1680858155486" dump="1680858158884"/><sessioninfo id="instantsolid-jaguarviolin-e8f3887e" start="1680858197978" dump="1680858202935"/><sessioninfo id="instantsolid-jaguarviolin-d32304ae" start="1680858218431" dump="1680858224726"/><sessioninfo id="instantsolid-jaguarviolin-9a26e62a" start="1680858481757" dump="1680858485879"/><sessioninfo id="instantsolid-jaguarviolin-ea39c118" start="1680858622829" dump="1680858626395"/><sessioninfo id="instantsolid-jaguarviolin-fd75dfb1" start="1680858694308" dump="1680858697777"/><sessioninfo id="instantsolid-jaguarviolin-10cd43fc" start="1680858735659" dump="1680858739066"/><sessioninfo id="instantsolid-jaguarviolin-fb164219" start="1680858905146" dump="1680858908238"/><sessioninfo id="instantsolid-jaguarviolin-2d63babd" start="1680858917254" dump="1680858927063"/><sessioninfo id="instantsolid-jaguarviolin-bd776084" start="1680859816348" dump="1680859820241"/><sessioninfo id="instantsolid-jaguarviolin-a2454717" start="1680859828771" dump="1680859837319"/><sessioninfo id="instantsolid-jaguarviolin-73758058" start="1680859870458" dump="1680859873746"/><sessioninfo id="instantsolid-jaguarviolin-81314435" start="1680859920450" dump="1680859923515"/><sessioninfo id="instantsolid-jaguarviolin-9092351a" start="1680859930617" dump="1680859937177"/><sessioninfo id="instantsolid-jaguarviolin-b7690c96" start="1680860023507" dump="1680860026690"/><sessioninfo id="instantsolid-jaguarviolin-fa65df70" start="1680860034886" dump="1680860041193"/><sessioninfo id="instantsolid-jaguarviolin-df2ae6b0" start="1680860183062" dump="1680860186718"/><sessioninfo id="instantsolid-jaguarviolin-29b2e72" start="1680860197198" dump="1680860209217"/><sessioninfo id="instantsolid-jaguarviolin-9e397d6f" start="1680860248949" dump="1680860252925"/><sessioninfo id="instantsolid-jaguarviolin-848b2b0e" start="1680860336153" dump="1680860339232"/><sessioninfo id="instantsolid-jaguarviolin-92634a59" start="1680860348287" dump="1680860360087"/><sessioninfo id="instantsolid-jaguarviolin-e056ed47" start="1680860430447" dump="1680860435236"/><sessioninfo id="instantsolid-jaguarviolin-29079ca2" start="1680860472924" dump="1680860476519"/><sessioninfo id="instantsolid-jaguarviolin-33ef77bc" start="1680860953426" dump="1680860957631"/><sessioninfo id="instantsolid-jaguarviolin-ca8c7211" start="1680860967044" dump="1680860973659"/><sessioninfo id="instantsolid-jaguarviolin-a53cda7c" start="1680861225590" dump="1680861228618"/><sessioninfo id="instantsolid-jaguarviolin-d4ddd341" start="1680861263737" dump="1680861268719"/><sessioninfo id="instantsolid-jaguarviolin-89871ff2" start="1680861497119" dump="1680861501586"/><sessioninfo id="instantsolid-jaguarviolin-673cf08e" start="1680861705812" dump="1680861710307"/><sessioninfo id="instantsolid-jaguarviolin-f894f8a4" start="1680861718109" dump="1680861724134"/><sessioninfo id="instantsolid-jaguarviolin-6a2a1a73" start="1680861785433" dump="1680861791332"/><sessioninfo id="instantsolid-jaguarviolin-1badea1d" start="1680861998993" dump="1680862007337"/><sessioninfo id="instantsolid-jaguarviolin-a8fe0412" start="1680862152408" dump="1680862155207"/><sessioninfo id="instantsolid-jaguarviolin-9a943ce4" start="1680862225469" dump="1680862228570"/><sessioninfo id="instantsolid-jaguarviolin-359fcee9" start="1680862403688" dump="1680862408410"/><sessioninfo id="instantsolid-jaguarviolin-7d8b0fe4" start="1680862449393" dump="1680862452268"/><sessioninfo id="instantsolid-jaguarviolin-362ee64c" start="1680862665125" dump="1680862669125"/><sessioninfo id="instantsolid-jaguarviolin-7697fb85" start="1680862705709" dump="1680862708532"/><sessioninfo id="instantsolid-jaguarviolin-4d028338" start="1680862716472" dump="1680862723870"/><sessioninfo id="instantsolid-jaguarviolin-bd2abe0f" start="1680862832448" dump="1680862835262"/><sessioninfo id="instantsolid-jaguarviolin-65bd7159" start="1680862882963" dump="1680862886369"/><sessioninfo id="instantsolid-jaguarviolin-4307eaf1" start="1680862895022" dump="1680862904877"/><sessioninfo id="instantsolid-jaguarviolin-fc7ec96d" start="1680862955605" dump="1680862958574"/><sessioninfo id="instantsolid-jaguarviolin-f435e9e1" start="1680862989617" dump="1680862992242"/><sessioninfo id="instantsolid-jaguarviolin-fe713aa5" start="1680862999831" dump="1680863005512"/><sessioninfo id="instantsolid-jaguarviolin-f9bd98ff" start="1680863042681" dump="1680863045364"/><sessioninfo id="instantsolid-jaguarviolin-5fad09b4" start="1680863053118" dump="1680863057552"/><sessioninfo id="instantsolid-jaguarviolin-8ea566fe" start="1680863135829" dump="1680863138538"/><sessioninfo id="instantsolid-jaguarviolin-32929238" start="1680863147051" dump="1680863149799"/><sessioninfo id="instantsolid-jaguarviolin-4a774484" start="1680863250243" dump="1680863255523"/><sessioninfo id="instantsolid-jaguarviolin-92bbc052" start="1680863305972" dump="1680863308974"/><sessioninfo id="instantsolid-jaguarviolin-6b4a3a83" start="1680863316442" dump="1680863322352"/><sessioninfo id="instantsolid-jaguarviolin-c41c29a3" start="1680863351860" dump="1680863354635"/><sessioninfo id="instantsolid-jaguarviolin-c6e22171" start="1680863362614" dump="1680863368389"/><sessioninfo id="instantsolid-jaguarviolin-8995db3e" start="1680863389503" dump="1680863393378"/><sessioninfo id="instantsolid-jaguarviolin-be6479" start="1680863403376" dump="1680863410834"/><package name="com/parkit/parkingsystem/service"><class name="com/parkit/parkingsystem/service/FareCalculatorService" sourcefilename="FareCalculatorService.java"><method name="&lt;init&gt;" desc="()V" line="6"><counter type="INSTRUCTION" missed="0" covered="3"/><counter type="LINE" missed="0" covered="1"/><counter type="COMPLEXITY" missed="0" covered="1"/><counter type="METHOD" missed="0" covered="1"/></method><method name="calculateFare" desc="(Lcom/parkit/parkingsystem/model/Ticket;Z)V" line="8"><counter type="INSTRUCTION" missed="5" covered="85"/><counter type="BRANCH" missed="2" covered="11"/><counter type="LINE" missed="1" covered="20"/><counter type="COMPLEXITY" missed="2" covered="6"/><counter type="METHOD" missed="0" covered="1"/></method><method name="calculateFare" desc="(Lcom/parkit/parkingsystem/model/Ticket;)V" line="47"><counter type="INSTRUCTION" missed="0" covered="5"/><counter type="LINE" missed="0" covered="2"/><counter type="COMPLEXITY" missed="0" covered="1"/><counter type="METHOD" missed="0" covered="1"/></method><counter type="INSTRUCTION" missed="5" covered="93"/><counter type="BRANCH" missed="2" covered="11"/><counter type="LINE" missed="1" covered="23"/><counter type="COMPLEXITY" missed="2" covered="8"/><counter type="METHOD" missed="0" covered="3"/><counter type="CLASS" missed="0" covered="1"/></class><class name="com/parkit/parkingsystem/service/ParkingService" sourcefilename="ParkingService.java"><method name="&lt;clinit&gt;" desc="()V" line="17"><counter type="INSTRUCTION" missed="0" covered="8"/><counter type="LINE" missed="0" covered="2"/><counter type="COMPLEXITY" missed="0" covered="1"/><counter type="METHOD" missed="0" covered="1"/></method><method name="&lt;init&gt;" desc="(Lcom/parkit/parkingsystem/util/InputReaderUtil;Lcom/parkit/parkingsystem/dao/ParkingSpotDAO;Lcom/parkit/parkingsystem/dao/TicketDAO;)V" line="25"><counter type="INSTRUCTION" missed="0" covered="12"/><counter type="LINE" missed="0" covered="5"/><counter type="COMPLEXITY" missed="0" covered="1"/><counter type="METHOD" missed="0" covered="1"/></method><method name="processIncomingVehicle" desc="()V" line="33"><counter type="INSTRUCTION" missed="5" covered="83"/><counter type="BRANCH" missed="1" covered="5"/><counter type="LINE" missed="1" covered="20"/><counter type="COMPLEXITY" missed="1" covered="3"/><counter type="METHOD" missed="0" covered="1"/></method><method name="getVehichleRegNumber" desc="()Ljava/lang/String;" line="64"><counter type="INSTRUCTION" missed="0" covered="7"/><counter type="LINE" missed="0" covered="2"/><counter type="COMPLEXITY" missed="0" covered="1"/><counter type="METHOD" missed="0" covered="1"/></method><method name="getNextParkingNumberIfAvailable" desc="()Lcom/parkit/parkingsystem/model/ParkingSpot;" line="69"><counter type="INSTRUCTION" missed="0" covered="40"/><counter type="BRANCH" missed="0" covered="2"/><counter type="LINE" missed="0" covered="13"/><counter type="COMPLEXITY" missed="0" covered="2"/><counter type="METHOD" missed="0" covered="1"/></method><method name="getVehichleType" desc="()Lcom/parkit/parkingsystem/constants/ParkingType;" line="88"><counter type="INSTRUCTION" missed="2" covered="25"/><counter type="BRANCH" missed="1" covered="2"/><counter type="LINE" missed="1" covered="8"/><counter type="COMPLEXITY" missed="1" covered="2"/><counter type="METHOD" missed="0" covered="1"/></method><method name="processExitingVehicle" desc="()V" line="108"><counter type="INSTRUCTION" missed="3" covered="76"/><counter type="BRANCH" missed="1" covered="3"/><counter type="LINE" missed="1" covered="18"/><counter type="COMPLEXITY" missed="1" covered="2"/><counter type="METHOD" missed="0" covered="1"/></method><counter type="INSTRUCTION" missed="10" covered="251"/><counter type="BRANCH" missed="3" covered="12"/><counter type="LINE" missed="3" covered="68"/><counter type="COMPLEXITY" missed="3" covered="12"/><counter type="METHOD" missed="0" covered="7"/><counter type="CLASS" missed="0" covered="1"/></class><class name="com/parkit/parkingsystem/service/InteractiveShell" sourcefilename="InteractiveShell.java"><method name="&lt;clinit&gt;" desc="()V" line="11"><counter type="INSTRUCTION" missed="4" covered="0"/><counter type="LINE" missed="1" covered="0"/><counter type="COMPLEXITY" missed="1" covered="0"/><counter type="METHOD" missed="1" covered="0"/></method><method name="&lt;init&gt;" desc="()V" line="9"><counter type="INSTRUCTION" missed="3" covered="0"/><counter type="LINE" missed="1" covered="0"/><counter type="COMPLEXITY" missed="1" covered="0"/><counter type="METHOD" missed="1" covered="0"/></method><method name="loadInterface" desc="()V" line="14"><counter type="INSTRUCTION" missed="52" covered="0"/><counter type="BRANCH" missed="6" covered="0"/><counter type="LINE" missed="20" covered="0"/><counter type="COMPLEXITY" missed="5" covered="0"/><counter type="METHOD" missed="1" covered="0"/></method><method name="loadMenu" desc="()V" line="46"><counter type="INSTRUCTION" missed="13" covered="0"/><counter type="LINE" missed="5" covered="0"/><counter type="COMPLEXITY" missed="1" covered="0"/><counter type="METHOD" missed="1" covered="0"/></method><counter type="INSTRUCTION" missed="72" covered="0"/><counter type="BRANCH" missed="6" covered="0"/><counter type="LINE" missed="27" covered="0"/><counter type="COMPLEXITY" missed="8" covered="0"/><counter type="METHOD" missed="4" covered="0"/><counter type="CLASS" missed="1" covered="0"/></class><sourcefile name="ParkingService.java"><line nr="17" mi="0" ci="3" mb="0" cb="0"/><line nr="19" mi="0" ci="5" mb="0" cb="0"/><line nr="25" mi="0" ci="2" mb="0" cb="0"/><line nr="26" mi="0" ci="3" mb="0" cb="0"/><line nr="27" mi="0" ci="3" mb="0" cb="0"/><line nr="28" mi="0" ci="3" mb="0" cb="0"/><line nr="29" mi="0" ci="1" mb="0" cb="0"/><line nr="33" mi="0" ci="3" mb="0" cb="0"/><line nr="34" mi="0" ci="5" mb="1" cb="3"/><line nr="35" mi="0" ci="3" mb="0" cb="0"/><line nr="36" mi="0" ci="3" mb="0" cb="0"/><line nr="37" mi="0" ci="5" mb="0" cb="0"/><line nr="39" mi="0" ci="5" mb="0" cb="2"/><line nr="40" mi="0" ci="3" mb="0" cb="0"/><line nr="43" mi="0" ci="4" mb="0" cb="0"/><line nr="44" mi="0" ci="4" mb="0" cb="0"/><line nr="47" mi="0" ci="3" mb="0" cb="0"/><line nr="48" mi="0" ci="3" mb="0" cb="0"/><line nr="49" mi="0" ci="3" mb="0" cb="0"/><line nr="50" mi="0" ci="3" mb="0" cb="0"/><line nr="51" mi="0" ci="3" mb="0" cb="0"/><line nr="52" mi="0" ci="5" mb="0" cb="0"/><line nr="54" mi="0" ci="3" mb="0" cb="0"/><line nr="55" mi="0" ci="10" mb="0" cb="0"/><line nr="56" mi="0" ci="13" mb="0" cb="0"/><line nr="58" mi="1" ci="1" mb="0" cb="0"/><line nr="59" mi="4" ci="0" mb="0" cb="0"/><line nr="61" mi="0" ci="1" mb="0" cb="0"/><line nr="64" mi="0" ci="3" mb="0" cb="0"/><line nr="65" mi="0" ci="4" mb="0" cb="0"/><line nr="69" mi="0" ci="2" mb="0" cb="0"/><line nr="70" mi="0" ci="2" mb="0" cb="0"/><line nr="72" mi="0" ci="3" mb="0" cb="0"/><line nr="73" mi="0" ci="5" mb="0" cb="0"/><line nr="74" mi="0" ci="2" mb="0" cb="2"/><line nr="75" mi="0" ci="7" mb="0" cb="0"/><line nr="76" mi="0" ci="1" mb="0" cb="0"/><line nr="77" mi="0" ci="5" mb="0" cb="0"/><line nr="79" mi="0" ci="1" mb="0" cb="0"/><line nr="80" mi="0" ci="5" mb="0" cb="0"/><line nr="81" mi="0" ci="1" mb="0" cb="0"/><line nr="82" mi="0" ci="4" mb="0" cb="0"/><line nr="84" mi="0" ci="2" mb="0" cb="0"/><line nr="88" mi="0" ci="3" mb="0" cb="0"/><line nr="89" mi="0" ci="3" mb="0" cb="0"/><line nr="90" mi="0" ci="3" mb="0" cb="0"/><line nr="91" mi="0" ci="4" mb="0" cb="0"/><line nr="92" mi="0" ci="2" mb="1" cb="2"/><line nr="94" mi="0" ci="2" mb="0" cb="0"/><line nr="97" mi="2" ci="0" mb="0" cb="0"/><line nr="100" mi="0" ci="3" mb="0" cb="0"/><line nr="101" mi="0" ci="5" mb="0" cb="0"/><line nr="108" mi="0" ci="3" mb="0" cb="0"/><line nr="109" mi="0" ci="5" mb="0" cb="0"/><line nr="110" mi="0" ci="4" mb="0" cb="0"/><line nr="111" mi="0" ci="3" mb="0" cb="0"/><line nr="113" mi="0" ci="5" mb="1" cb="1"/><line nr="114" mi="0" ci="4" mb="0" cb="0"/><line nr="115" mi="0" ci="1" mb="0" cb="0"/><line nr="117" mi="3" ci="0" mb="0" cb="0"/><line nr="120" mi="0" ci="5" mb="0" cb="2"/><line nr="121" mi="0" ci="3" mb="0" cb="0"/><line nr="122" mi="0" ci="3" mb="0" cb="0"/><line nr="123" mi="0" ci="5" mb="0" cb="0"/><line nr="124" mi="0" ci="10" mb="0" cb="0"/><line nr="125" mi="0" ci="14" mb="0" cb="0"/><line nr="126" mi="0" ci="1" mb="0" cb="0"/><line nr="127" mi="0" ci="3" mb="0" cb="0"/><line nr="130" mi="0" ci="2" mb="0" cb="0"/><line nr="131" mi="0" ci="4" mb="0" cb="0"/><line nr="133" mi="0" ci="1" mb="0" cb="0"/><counter type="INSTRUCTION" missed="10" covered="251"/><counter type="BRANCH" missed="3" covered="12"/><counter type="LINE" missed="3" covered="68"/><counter type="COMPLEXITY" missed="3" covered="12"/><counter type="METHOD" missed="0" covered="7"/><counter type="CLASS" missed="0" covered="1"/></sourcefile><sourcefile name="InteractiveShell.java"><line nr="9" mi="3" ci="0" mb="0" cb="0"/><line nr="11" mi="4" ci="0" mb="0" cb="0"/><line nr="14" mi="3" ci="0" mb="0" cb="0"/><line nr="15" mi="3" ci="0" mb="0" cb="0"/><line nr="17" mi="2" ci="0" mb="0" cb="0"/><line nr="18" mi="4" ci="0" mb="0" cb="0"/><line nr="19" mi="4" ci="0" mb="0" cb="0"/><line nr="20" mi="4" ci="0" mb="0" cb="0"/><line nr="21" mi="7" ci="0" mb="0" cb="0"/><line nr="23" mi="3" ci="0" mb="2" cb="0"/><line nr="24" mi="1" ci="0" mb="0" cb="0"/><line nr="25" mi="3" ci="0" mb="0" cb="0"/><line nr="26" mi="2" ci="0" mb="4" cb="0"/><line nr="28" mi="2" ci="0" mb="0" cb="0"/><line nr="29" mi="1" ci="0" mb="0" cb="0"/><line nr="32" mi="2" ci="0" mb="0" cb="0"/><line nr="33" mi="1" ci="0" mb="0" cb="0"/><line nr="36" mi="3" ci="0" mb="0" cb="0"/><line nr="37" mi="2" ci="0" mb="0" cb="0"/><line nr="38" mi="1" ci="0" mb="0" cb="0"/><line nr="40" mi="3" ci="0" mb="0" cb="0"/><line nr="43" mi="1" ci="0" mb="0" cb="0"/><line nr="46" mi="3" ci="0" mb="0" cb="0"/><line nr="47" mi="3" ci="0" mb="0" cb="0"/><line nr="48" mi="3" ci="0" mb="0" cb="0"/><line nr="49" mi="3" ci="0" mb="0" cb="0"/><line nr="50" mi="1" ci="0" mb="0" cb="0"/><counter type="INSTRUCTION" missed="72" covered="0"/><counter type="BRANCH" missed="6" covered="0"/><counter type="LINE" missed="27" covered="0"/><counter type="COMPLEXITY" missed="8" covered="0"/><counter type="METHOD" missed="4" covered="0"/><counter type="CLASS" missed="1" covered="0"/></sourcefile><sourcefile name="FareCalculatorService.java"><line nr="6" mi="0" ci="3" mb="0" cb="0"/><line nr="8" mi="0" ci="9" mb="1" cb="3"/><line nr="9" mi="0" ci="13" mb="0" cb="0"/><line nr="12" mi="0" ci="4" mb="0" cb="0"/><line nr="13" mi="0" ci="4" mb="0" cb="0"/><line nr="14" mi="0" ci="4" mb="0" cb="0"/><line nr="16" mi="0" ci="5" mb="0" cb="0"/><line nr="17" mi="0" ci="2" mb="0" cb="0"/><line nr="19" mi="0" ci="4" mb="0" cb="2"/><line nr="20" mi="0" ci="3" mb="0" cb="0"/><line nr="21" mi="0" ci="1" mb="0" cb="0"/><line nr="22" mi="0" ci="7" mb="1" cb="2"/><line nr="24" mi="0" ci="5" mb="0" cb="0"/><line nr="25" mi="0" ci="2" mb="0" cb="2"/><line nr="26" mi="0" ci="6" mb="0" cb="0"/><line nr="28" mi="0" ci="1" mb="0" cb="0"/><line nr="31" mi="0" ci="5" mb="0" cb="0"/><line nr="32" mi="0" ci="2" mb="0" cb="2"/><line nr="33" mi="0" ci="6" mb="0" cb="0"/><line nr="35" mi="0" ci="1" mb="0" cb="0"/><line nr="38" mi="5" ci="0" mb="0" cb="0"/><line nr="44" mi="0" ci="1" mb="0" cb="0"/><line nr="47" mi="0" ci="4" mb="0" cb="0"/><line nr="48" mi="0" ci="1" mb="0" cb="0"/><counter type="INSTRUCTION" missed="5" covered="93"/><counter type="BRANCH" missed="2" covered="11"/><counter type="LINE" missed="1" covered="23"/><counter type="COMPLEXITY" missed="2" covered="8"/><counter type="METHOD" missed="0" covered="3"/><counter type="CLASS" missed="0" covered="1"/></sourcefile><counter type="INSTRUCTION" missed="87" covered="344"/><counter type="BRANCH" missed="11" covered="23"/><counter type="LINE" missed="31" covered="91"/><counter type="COMPLEXITY" missed="13" covered="20"/><counter type="METHOD" missed="4" covered="10"/><counter type="CLASS" missed="1" covered="2"/></package><package name="com/parkit/parkingsystem"><class name="com/parkit/parkingsystem/App" sourcefilename="App.java"><method name="&lt;clinit&gt;" desc="()V" line="8"><counter type="INSTRUCTION" missed="4" covered="0"/><counter type="LINE" missed="1" covered="0"/><counter type="COMPLEXITY" missed="1" covered="0"/><counter type="METHOD" missed="1" covered="0"/></method><method name="&lt;init&gt;" desc="()V" line="7"><counter type="INSTRUCTION" missed="3" covered="0"/><counter type="LINE" missed="1" covered="0"/><counter type="COMPLEXITY" missed="1" covered="0"/><counter type="METHOD" missed="1" covered="0"/></method><method name="main" desc="([Ljava/lang/String;)V" line="10"><counter type="INSTRUCTION" missed="5" covered="0"/><counter type="LINE" missed="3" covered="0"/><counter type="COMPLEXITY" missed="1" covered="0"/><counter type="METHOD" missed="1" covered="0"/></method><counter type="INSTRUCTION" missed="12" covered="0"/><counter type="LINE" missed="5" covered="0"/><counter type="COMPLEXITY" missed="3" covered="0"/><counter type="METHOD" missed="3" covered="0"/><counter type="CLASS" missed="1" covered="0"/></class><sourcefile name="App.java"><line nr="7" mi="3" ci="0" mb="0" cb="0"/><line nr="8" mi="4" ci="0" mb="0" cb="0"/><line nr="10" mi="3" ci="0" mb="0" cb="0"/><line nr="11" mi="1" ci="0" mb="0" cb="0"/><line nr="12" mi="1" ci="0" mb="0" cb="0"/><counter type="INSTRUCTION" missed="12" covered="0"/><counter type="LINE" missed="5" covered="0"/><counter type="COMPLEXITY" missed="3" covered="0"/><counter type="METHOD" missed="3" covered="0"/><counter type="CLASS" missed="1" covered="0"/></sourcefile><counter type="INSTRUCTION" missed="12" covered="0"/><counter type="LINE" missed="5" covered="0"/><counter type="COMPLEXITY" missed="3" covered="0"/><counter type="METHOD" missed="3" covered="0"/><counter type="CLASS" missed="1" covered="0"/></package><package name="com/parkit/parkingsystem/model"><class name="com/parkit/parkingsystem/model/ParkingSpot" sourcefilename="ParkingSpot.java"><method name="&lt;init&gt;" desc="(ILcom/parkit/parkingsystem/constants/ParkingType;Z)V" line="10"><counter type="INSTRUCTION" missed="0" covered="12"/><counter type="LINE" missed="0" covered="5"/><counter type="COMPLEXITY" missed="0" covered="1"/><counter type="METHOD" missed="0" covered="1"/></method><method name="getId" desc="()I" line="17"><counter type="INSTRUCTION" missed="0" covered="3"/><counter type="LINE" missed="0" covered="1"/><counter type="COMPLEXITY" missed="0" covered="1"/><counter type="METHOD" missed="0" covered="1"/></method><method name="setId" desc="(I)V" line="21"><counter type="INSTRUCTION" missed="4" covered="0"/><counter type="LINE" missed="2" covered="0"/><counter type="COMPLEXITY" missed="1" covered="0"/><counter type="METHOD" missed="1" covered="0"/></method><method name="getParkingType" desc="()Lcom/parkit/parkingsystem/constants/ParkingType;" line="25"><counter type="INSTRUCTION" missed="0" covered="3"/><counter type="LINE" missed="0" covered="1"/><counter type="COMPLEXITY" missed="0" covered="1"/><counter type="METHOD" missed="0" covered="1"/></method><method name="setParkingType" desc="(Lcom/parkit/parkingsystem/constants/ParkingType;)V" line="29"><counter type="INSTRUCTION" missed="4" covered="0"/><counter type="LINE" missed="2" covered="0"/><counter type="COMPLEXITY" missed="1" covered="0"/><counter type="METHOD" missed="1" covered="0"/></method><method name="isAvailable" desc="()Z" line="33"><counter type="INSTRUCTION" missed="0" covered="3"/><counter type="LINE" missed="0" covered="1"/><counter type="COMPLEXITY" missed="0" covered="1"/><counter type="METHOD" missed="0" covered="1"/></method><method name="setAvailable" desc="(Z)V" line="37"><counter type="INSTRUCTION" missed="0" covered="4"/><counter type="LINE" missed="0" covered="2"/><counter type="COMPLEXITY" missed="0" covered="1"/><counter type="METHOD" missed="0" covered="1"/></method><counter type="INSTRUCTION" missed="8" covered="25"/><counter type="LINE" missed="4" covered="10"/><counter type="COMPLEXITY" missed="2" covered="5"/><counter type="METHOD" missed="2" covered="5"/><counter type="CLASS" missed="0" covered="1"/></class><class name="com/parkit/parkingsystem/model/Ticket" sourcefilename="Ticket.java"><method name="&lt;init&gt;" desc="()V" line="6"><counter type="INSTRUCTION" missed="0" covered="3"/><counter type="LINE" missed="0" covered="1"/><counter type="COMPLEXITY" missed="0" covered="1"/><counter type="METHOD" missed="0" covered="1"/></method><method name="getId" desc="()I" line="15"><counter type="INSTRUCTION" missed="0" covered="3"/><counter type="LINE" missed="0" covered="1"/><counter type="COMPLEXITY" missed="0" covered="1"/><counter type="METHOD" missed="0" covered="1"/></method><method name="setId" desc="(I)V" line="19"><counter type="INSTRUCTION" missed="0" covered="4"/><counter type="LINE" missed="0" covered="2"/><counter type="COMPLEXITY" missed="0" covered="1"/><counter type="METHOD" missed="0" covered="1"/></method><method name="getParkingSpot" desc="()Lcom/parkit/parkingsystem/model/ParkingSpot;" line="23"><counter type="INSTRUCTION" missed="0" covered="3"/><counter type="LINE" missed="0" covered="1"/><counter type="COMPLEXITY" missed="0" covered="1"/><counter type="METHOD" missed="0" covered="1"/></method><method name="setParkingSpot" desc="(Lcom/parkit/parkingsystem/model/ParkingSpot;)V" line="27"><counter type="INSTRUCTION" missed="0" covered="4"/><counter type="LINE" missed="0" covered="2"/><counter type="COMPLEXITY" missed="0" covered="1"/><counter type="METHOD" missed="0" covered="1"/></method><method name="getVehicleRegNumber" desc="()Ljava/lang/String;" line="31"><counter type="INSTRUCTION" missed="0" covered="3"/><counter type="LINE" missed="0" covered="1"/><counter type="COMPLEXITY" missed="0" covered="1"/><counter type="METHOD" missed="0" covered="1"/></method><method name="setVehicleRegNumber" desc="(Ljava/lang/String;)V" line="35"><counter type="INSTRUCTION" missed="0" covered="4"/><counter type="LINE" missed="0" covered="2"/><counter type="COMPLEXITY" missed="0" covered="1"/><counter type="METHOD" missed="0" covered="1"/></method><method name="getPrice" desc="()D" line="39"><counter type="INSTRUCTION" missed="0" covered="3"/><counter type="LINE" missed="0" covered="1"/><counter type="COMPLEXITY" missed="0" covered="1"/><counter type="METHOD" missed="0" covered="1"/></method><method name="setPrice" desc="(D)V" line="43"><counter type="INSTRUCTION" missed="0" covered="4"/><counter type="LINE" missed="0" covered="2"/><counter type="COMPLEXITY" missed="0" covered="1"/><counter type="METHOD" missed="0" covered="1"/></method><method name="getInTime" desc="()Ljava/util/Date;" line="47"><counter type="INSTRUCTION" missed="0" covered="3"/><counter type="LINE" missed="0" covered="1"/><counter type="COMPLEXITY" missed="0" covered="1"/><counter type="METHOD" missed="0" covered="1"/></method><method name="setInTime" desc="(Ljava/util/Date;)V" line="51"><counter type="INSTRUCTION" missed="0" covered="4"/><counter type="LINE" missed="0" covered="2"/><counter type="COMPLEXITY" missed="0" covered="1"/><counter type="METHOD" missed="0" covered="1"/></method><method name="getOutTime" desc="()Ljava/util/Date;" line="55"><counter type="INSTRUCTION" missed="0" covered="3"/><counter type="LINE" missed="0" covered="1"/><counter type="COMPLEXITY" missed="0" covered="1"/><counter type="METHOD" missed="0" covered="1"/></method><method name="setOutTime" desc="(Ljava/util/Date;)V" line="59"><counter type="INSTRUCTION" missed="0" covered="4"/><counter type="LINE" missed="0" covered="2"/><counter type="COMPLEXITY" missed="0" covered="1"/><counter type="METHOD" missed="0" covered="1"/></method><counter type="INSTRUCTION" missed="0" covered="45"/><counter type="LINE" missed="0" covered="19"/><counter type="COMPLEXITY" missed="0" covered="13"/><counter type="METHOD" missed="0" covered="13"/><counter type="CLASS" missed="0" covered="1"/></class><sourcefile name="Ticket.java"><line nr="6" mi="0" ci="3" mb="0" cb="0"/><line nr="15" mi="0" ci="3" mb="0" cb="0"/><line nr="19" mi="0" ci="3" mb="0" cb="0"/><line nr="20" mi="0" ci="1" mb="0" cb="0"/><line nr="23" mi="0" ci="3" mb="0" cb="0"/><line nr="27" mi="0" ci="3" mb="0" cb="0"/><line nr="28" mi="0" ci="1" mb="0" cb="0"/><line nr="31" mi="0" ci="3" mb="0" cb="0"/><line nr="35" mi="0" ci="3" mb="0" cb="0"/><line nr="36" mi="0" ci="1" mb="0" cb="0"/><line nr="39" mi="0" ci="3" mb="0" cb="0"/><line nr="43" mi="0" ci="3" mb="0" cb="0"/><line nr="44" mi="0" ci="1" mb="0" cb="0"/><line nr="47" mi="0" ci="3" mb="0" cb="0"/><line nr="51" mi="0" ci="3" mb="0" cb="0"/><line nr="52" mi="0" ci="1" mb="0" cb="0"/><line nr="55" mi="0" ci="3" mb="0" cb="0"/><line nr="59" mi="0" ci="3" mb="0" cb="0"/><line nr="60" mi="0" ci="1" mb="0" cb="0"/><counter type="INSTRUCTION" missed="0" covered="45"/><counter type="LINE" missed="0" covered="19"/><counter type="COMPLEXITY" missed="0" covered="13"/><counter type="METHOD" missed="0" covered="13"/><counter type="CLASS" missed="0" covered="1"/></sourcefile><sourcefile name="ParkingSpot.java"><line nr="10" mi="0" ci="2" mb="0" cb="0"/><line nr="11" mi="0" ci="3" mb="0" cb="0"/><line nr="12" mi="0" ci="3" mb="0" cb="0"/><line nr="13" mi="0" ci="3" mb="0" cb="0"/><line nr="14" mi="0" ci="1" mb="0" cb="0"/><line nr="17" mi="0" ci="3" mb="0" cb="0"/><line nr="21" mi="3" ci="0" mb="0" cb="0"/><line nr="22" mi="1" ci="0" mb="0" cb="0"/><line nr="25" mi="0" ci="3" mb="0" cb="0"/><line nr="29" mi="3" ci="0" mb="0" cb="0"/><line nr="30" mi="1" ci="0" mb="0" cb="0"/><line nr="33" mi="0" ci="3" mb="0" cb="0"/><line nr="37" mi="0" ci="3" mb="0" cb="0"/><line nr="38" mi="0" ci="1" mb="0" cb="0"/><counter type="INSTRUCTION" missed="8" covered="25"/><counter type="LINE" missed="4" covered="10"/><counter type="COMPLEXITY" missed="2" covered="5"/><counter type="METHOD" missed="2" covered="5"/><counter type="CLASS" missed="0" covered="1"/></sourcefile><counter type="INSTRUCTION" missed="8" covered="70"/><counter type="LINE" missed="4" covered="29"/><counter type="COMPLEXITY" missed="2" covered="18"/><counter type="METHOD" missed="2" covered="18"/><counter type="CLASS" missed="0" covered="2"/></package><package name="com/parkit/parkingsystem/constants"><class name="com/parkit/parkingsystem/constants/Fare" sourcefilename="Fare.java"><method name="&lt;init&gt;" desc="()V" line="3"><counter type="INSTRUCTION" missed="3" covered="0"/><counter type="LINE" missed="1" covered="0"/><counter type="COMPLEXITY" missed="1" covered="0"/><counter type="METHOD" missed="1" covered="0"/></method><counter type="INSTRUCTION" missed="3" covered="0"/><counter type="LINE" missed="1" covered="0"/><counter type="COMPLEXITY" missed="1" covered="0"/><counter type="METHOD" missed="1" covered="0"/><counter type="CLASS" missed="1" covered="0"/></class><class name="com/parkit/parkingsystem/constants/ParkingType" sourcefilename="ParkingType.java"><method name="&lt;clinit&gt;" desc="()V" line="3"><counter type="INSTRUCTION" missed="0" covered="24"/><counter type="LINE" missed="0" covered="3"/><counter type="COMPLEXITY" missed="0" covered="1"/><counter type="METHOD" missed="0" covered="1"/></method><counter type="INSTRUCTION" missed="0" covered="24"/><counter type="LINE" missed="0" covered="3"/><counter type="COMPLEXITY" missed="0" covered="1"/><counter type="METHOD" missed="0" covered="1"/><counter type="CLASS" missed="0" covered="1"/></class><class name="com/parkit/parkingsystem/constants/DBConstants" sourcefilename="DBConstants.java"><method name="&lt;init&gt;" desc="()V" line="3"><counter type="INSTRUCTION" missed="3" covered="0"/><counter type="LINE" missed="1" covered="0"/><counter type="COMPLEXITY" missed="1" covered="0"/><counter type="METHOD" missed="1" covered="0"/></method><counter type="INSTRUCTION" missed="3" covered="0"/><counter type="LINE" missed="1" covered="0"/><counter type="COMPLEXITY" missed="1" covered="0"/><counter type="METHOD" missed="1" covered="0"/><counter type="CLASS" missed="1" covered="0"/></class><sourcefile name="DBConstants.java"><line nr="3" mi="3" ci="0" mb="0" cb="0"/><counter type="INSTRUCTION" missed="3" covered="0"/><counter type="LINE" missed="1" covered="0"/><counter type="COMPLEXITY" missed="1" covered="0"/><counter type="METHOD" missed="1" covered="0"/><counter type="CLASS" missed="1" covered="0"/></sourcefile><sourcefile name="ParkingType.java"><line nr="3" mi="0" ci="12" mb="0" cb="0"/><line nr="4" mi="0" ci="6" mb="0" cb="0"/><line nr="5" mi="0" ci="6" mb="0" cb="0"/><counter type="INSTRUCTION" missed="0" covered="24"/><counter type="LINE" missed="0" covered="3"/><counter type="COMPLEXITY" missed="0" covered="1"/><counter type="METHOD" missed="0" covered="1"/><counter type="CLASS" missed="0" covered="1"/></sourcefile><sourcefile name="Fare.java"><line nr="3" mi="3" ci="0" mb="0" cb="0"/><counter type="INSTRUCTION" missed="3" covered="0"/><counter type="LINE" missed="1" covered="0"/><counter type="COMPLEXITY" missed="1" covered="0"/><counter type="METHOD" missed="1" covered="0"/><counter type="CLASS" missed="1" covered="0"/></sourcefile><counter type="INSTRUCTION" missed="6" covered="24"/><counter type="LINE" missed="2" covered="3"/><counter type="COMPLEXITY" missed="2" covered="1"/><counter type="METHOD" missed="2" covered="1"/><counter type="CLASS" missed="2" covered="1"/></package><package name="com/parkit/parkingsystem/util"><class name="com/parkit/parkingsystem/util/InputReaderUtil" sourcefilename="InputReaderUtil.java"><method name="&lt;clinit&gt;" desc="()V" line="10"><counter type="INSTRUCTION" missed="0" covered="9"/><counter type="LINE" missed="0" covered="2"/><counter type="COMPLEXITY" missed="0" covered="1"/><counter type="METHOD" missed="0" covered="1"/></method><method name="&lt;init&gt;" desc="()V" line="8"><counter type="INSTRUCTION" missed="3" covered="0"/><counter type="LINE" missed="1" covered="0"/><counter type="COMPLEXITY" missed="1" covered="0"/><counter type="METHOD" missed="1" covered="0"/></method><method name="readSelection" desc="()I" line="15"><counter type="INSTRUCTION" missed="16" covered="0"/><counter type="LINE" missed="6" covered="0"/><counter type="COMPLEXITY" missed="1" covered="0"/><counter type="METHOD" missed="1" covered="0"/></method><method name="readVehicleRegistrationNumber" desc="()Ljava/lang/String;" line="26"><counter type="INSTRUCTION" missed="26" covered="0"/><counter type="BRANCH" missed="4" covered="0"/><counter type="LINE" missed="8" covered="0"/><counter type="COMPLEXITY" missed="3" covered="0"/><counter type="METHOD" missed="1" covered="0"/></method><counter type="INSTRUCTION" missed="45" covered="9"/><counter type="BRANCH" missed="4" covered="0"/><counter type="LINE" missed="15" covered="2"/><counter type="COMPLEXITY" missed="5" covered="1"/><counter type="METHOD" missed="3" covered="1"/><counter type="CLASS" missed="0" covered="1"/></class><sourcefile name="InputReaderUtil.java"><line nr="8" mi="3" ci="0" mb="0" cb="0"/><line nr="10" mi="0" ci="5" mb="0" cb="0"/><line nr="11" mi="0" ci="4" mb="0" cb="0"/><line nr="15" mi="4" ci="0" mb="0" cb="0"/><line nr="16" mi="2" ci="0" mb="0" cb="0"/><line nr="17" mi="1" ci="0" mb="0" cb="0"/><line nr="18" mi="4" ci="0" mb="0" cb="0"/><line nr="19" mi="3" ci="0" mb="0" cb="0"/><line nr="20" mi="2" ci="0" mb="0" cb="0"/><line nr="26" mi="3" ci="0" mb="0" cb="0"/><line nr="27" mi="6" ci="0" mb="4" cb="0"/><line nr="28" mi="5" ci="0" mb="0" cb="0"/><line nr="30" mi="2" ci="0" mb="0" cb="0"/><line nr="31" mi="1" ci="0" mb="0" cb="0"/><line nr="32" mi="4" ci="0" mb="0" cb="0"/><line nr="33" mi="3" ci="0" mb="0" cb="0"/><line nr="34" mi="2" ci="0" mb="0" cb="0"/><counter type="INSTRUCTION" missed="45" covered="9"/><counter type="BRANCH" missed="4" covered="0"/><counter type="LINE" missed="15" covered="2"/><counter type="COMPLEXITY" missed="5" covered="1"/><counter type="METHOD" missed="3" covered="1"/><counter type="CLASS" missed="0" covered="1"/></sourcefile><counter type="INSTRUCTION" missed="45" covered="9"/><counter type="BRANCH" missed="4" covered="0"/><counter type="LINE" missed="15" covered="2"/><counter type="COMPLEXITY" missed="5" covered="1"/><counter type="METHOD" missed="3" covered="1"/><counter type="CLASS" missed="0" covered="1"/></package><package name="com/parkit/parkingsystem/dao"><class name="com/parkit/parkingsystem/dao/TicketDAO" sourcefilename="TicketDAO.java"><method name="&lt;clinit&gt;" desc="()V" line="18"><counter type="INSTRUCTION" missed="0" covered="4"/><counter type="LINE" missed="0" covered="1"/><counter type="COMPLEXITY" missed="0" covered="1"/><counter type="METHOD" missed="0" covered="1"/></method><method name="&lt;init&gt;" desc="()V" line="16"><counter type="INSTRUCTION" missed="0" covered="8"/><counter type="LINE" missed="0" covered="2"/><counter type="COMPLEXITY" missed="0" covered="1"/><counter type="METHOD" missed="0" covered="1"/></method><method name="saveTicket" desc="(Lcom/parkit/parkingsystem/model/Ticket;)Z" line="23"><counter type="INSTRUCTION" missed="13" covered="53"/><counter type="BRANCH" missed="1" covered="1"/><counter type="LINE" missed="3" covered="11"/><counter type="COMPLEXITY" missed="1" covered="1"/><counter type="METHOD" missed="0" covered="1"/></method><method name="getTicket" desc="(Ljava/lang/String;)Lcom/parkit/parkingsystem/model/Ticket;" line="44"><counter type="INSTRUCTION" missed="7" covered="79"/><counter type="BRANCH" missed="1" covered="1"/><counter type="LINE" missed="2" covered="20"/><counter type="COMPLEXITY" missed="1" covered="1"/><counter type="METHOD" missed="0" covered="1"/></method><method name="getNbTicket" desc="(Ljava/lang/String;)I" line="75"><counter type="INSTRUCTION" missed="7" covered="41"/><counter type="BRANCH" missed="1" covered="1"/><counter type="LINE" missed="2" covered="13"/><counter type="COMPLEXITY" missed="1" covered="1"/><counter type="METHOD" missed="0" covered="1"/></method><method name="updateTicket" desc="(Lcom/parkit/parkingsystem/model/Ticket;)Z" line="97"><counter type="INSTRUCTION" missed="7" covered="38"/><counter type="LINE" missed="3" covered="9"/><counter type="COMPLEXITY" missed="0" covered="1"/><counter type="METHOD" missed="0" covered="1"/></method><counter type="INSTRUCTION" missed="34" covered="223"/><counter type="BRANCH" missed="3" covered="3"/><counter type="LINE" missed="10" covered="56"/><counter type="COMPLEXITY" missed="3" covered="6"/><counter type="METHOD" missed="0" covered="6"/><counter type="CLASS" missed="0" covered="1"/></class><class name="com/parkit/parkingsystem/dao/ParkingSpotDAO" sourcefilename="ParkingSpotDAO.java"><method name="&lt;clinit&gt;" desc="()V" line="15"><counter type="INSTRUCTION" missed="0" covered="4"/><counter type="LINE" missed="0" covered="1"/><counter type="COMPLEXITY" missed="0" covered="1"/><counter type="METHOD" missed="0" covered="1"/></method><method name="&lt;init&gt;" desc="()V" line="14"><counter type="INSTRUCTION" missed="0" covered="8"/><counter type="LINE" missed="0" covered="2"/><counter type="COMPLEXITY" missed="0" covered="1"/><counter type="METHOD" missed="0" covered="1"/></method><method name="getNextAvailableSlot" desc="(Lcom/parkit/parkingsystem/constants/ParkingType;)I" line="20"><counter type="INSTRUCTION" missed="5" covered="42"/><counter type="BRANCH" missed="1" covered="1"/><counter type="LINE" missed="1" covered="13"/><counter type="COMPLEXITY" missed="1" covered="1"/><counter type="METHOD" missed="0" covered="1"/></method><method name="updateParking" desc="(Lcom/parkit/parkingsystem/model/ParkingSpot;)Z" line="42"><counter type="INSTRUCTION" missed="8" covered="39"/><counter type="BRANCH" missed="1" covered="1"/><counter type="LINE" missed="3" covered="9"/><counter type="COMPLEXITY" missed="1" covered="1"/><counter type="METHOD" missed="0" covered="1"/></method><counter type="INSTRUCTION" missed="13" covered="93"/><counter type="BRANCH" missed="2" covered="2"/><counter type="LINE" missed="4" covered="25"/><counter type="COMPLEXITY" missed="2" covered="4"/><counter type="METHOD" missed="0" covered="4"/><counter type="CLASS" missed="0" covered="1"/></class><sourcefile name="ParkingSpotDAO.java"><line nr="14" mi="0" ci="3" mb="0" cb="0"/><line nr="15" mi="0" ci="4" mb="0" cb="0"/><line nr="17" mi="0" ci="5" mb="0" cb="0"/><line nr="20" mi="0" ci="2" mb="0" cb="0"/><line nr="21" mi="0" ci="2" mb="0" cb="0"/><line nr="23" mi="0" ci="4" mb="0" cb="0"/><line nr="24" mi="0" ci="4" mb="0" cb="0"/><line nr="25" mi="0" ci="5" mb="0" cb="0"/><line nr="26" mi="0" ci="3" mb="0" cb="0"/><line nr="27" mi="0" ci="3" mb="1" cb="1"/><line nr="28" mi="0" ci="4" mb="0" cb="0"/><line nr="30" mi="0" ci="4" mb="0" cb="0"/><line nr="31" mi="0" ci="4" mb="0" cb="0"/><line nr="32" mi="1" ci="1" mb="0" cb="0"/><line nr="33" mi="4" ci="0" mb="0" cb="0"/><line nr="35" mi="0" ci="4" mb="0" cb="0"/><line nr="37" mi="0" ci="2" mb="0" cb="0"/><line nr="42" mi="0" ci="2" mb="0" cb="0"/><line nr="44" mi="0" ci="4" mb="0" cb="0"/><line nr="45" mi="0" ci="4" mb="0" cb="0"/><line nr="46" mi="0" ci="5" mb="0" cb="0"/><line nr="47" mi="0" ci="5" mb="0" cb="0"/><line nr="48" mi="0" ci="3" mb="0" cb="0"/><line nr="49" mi="0" ci="4" mb="0" cb="0"/><line nr="50" mi="1" ci="8" mb="1" cb="1"/><line nr="51" mi="1" ci="0" mb="0" cb="0"/><line nr="52" mi="4" ci="0" mb="0" cb="0"/><line nr="53" mi="2" ci="0" mb="0" cb="0"/><line nr="55" mi="0" ci="4" mb="0" cb="0"/><counter type="INSTRUCTION" missed="13" covered="93"/><counter type="BRANCH" missed="2" covered="2"/><counter type="LINE" missed="4" covered="25"/><counter type="COMPLEXITY" missed="2" covered="4"/><counter type="METHOD" missed="0" covered="4"/><counter type="CLASS" missed="0" covered="1"/></sourcefile><sourcefile name="TicketDAO.java"><line nr="16" mi="0" ci="3" mb="0" cb="0"/><line nr="18" mi="0" ci="4" mb="0" cb="0"/><line nr="20" mi="0" ci="5" mb="0" cb="0"/><line nr="23" mi="0" ci="2" mb="0" cb="0"/><line nr="25" mi="0" ci="4" mb="0" cb="0"/><line nr="26" mi="0" ci="4" mb="0" cb="0"/><line nr="29" mi="0" ci="6" mb="0" cb="0"/><line nr="30" mi="0" ci="5" mb="0" cb="0"/><line nr="31" mi="0" ci="5" mb="0" cb="0"/><line nr="32" mi="0" ci="9" mb="0" cb="0"/><line nr="33" mi="6" ci="8" mb="1" cb="1"/><line nr="34" mi="0" ci="4" mb="0" cb="0"/><line nr="35" mi="1" ci="0" mb="0" cb="0"/><line nr="36" mi="5" ci="0" mb="0" cb="0"/><line nr="37" mi="1" ci="0" mb="0" cb="0"/><line nr="38" mi="0" ci="4" mb="0" cb="0"/><line nr="39" mi="0" ci="2" mb="0" cb="0"/><line nr="44" mi="0" ci="2" mb="0" cb="0"/><line nr="45" mi="0" ci="2" mb="0" cb="0"/><line nr="47" mi="0" ci="4" mb="0" cb="0"/><line nr="48" mi="0" ci="4" mb="0" cb="0"/><line nr="50" mi="0" ci="4" mb="0" cb="0"/><line nr="51" mi="0" ci="3" mb="0" cb="0"/><line nr="52" mi="0" ci="3" mb="1" cb="1"/><line nr="53" mi="0" ci="4" mb="0" cb="0"/><line nr="54" mi="0" ci="12" mb="0" cb="0"/><line nr="55" mi="0" ci="3" mb="0" cb="0"/><line nr="56" mi="0" ci="5" mb="0" cb="0"/><line nr="57" mi="0" ci="3" mb="0" cb="0"/><line nr="58" mi="0" ci="5" mb="0" cb="0"/><line nr="59" mi="0" ci="5" mb="0" cb="0"/><line nr="60" mi="0" ci="5" mb="0" cb="0"/><line nr="62" mi="0" ci="4" mb="0" cb="0"/><line nr="63" mi="0" ci="4" mb="0" cb="0"/><line nr="64" mi="1" ci="1" mb="0" cb="0"/><line nr="65" mi="5" ci="0" mb="0" cb="0"/><line nr="66" mi="1" ci="0" mb="0" cb="0"/><line nr="67" mi="0" ci="4" mb="0" cb="0"/><line nr="68" mi="0" ci="2" mb="0" cb="0"/><line nr="75" mi="0" ci="2" mb="0" cb="0"/><line nr="76" mi="0" ci="2" mb="0" cb="0"/><line nr="78" mi="0" ci="4" mb="0" cb="0"/><line nr="79" mi="0" ci="4" mb="0" cb="0"/><line nr="80" mi="0" ci="4" mb="0" cb="0"/><line nr="81" mi="0" ci="3" mb="0" cb="0"/><line nr="82" mi="0" ci="3" mb="1" cb="1"/><line nr="83" mi="0" ci="4" mb="0" cb="0"/><line nr="85" mi="0" ci="4" mb="0" cb="0"/><line nr="86" mi="0" ci="4" mb="0" cb="0"/><line nr="87" mi="1" ci="1" mb="0" cb="0"/><line nr="88" mi="5" ci="0" mb="0" cb="0"/><line nr="89" mi="1" ci="0" mb="0" cb="0"/><line nr="90" mi="0" ci="4" mb="0" cb="0"/><line nr="91" mi="0" ci="2" mb="0" cb="0"/><line nr="97" mi="0" ci="2" mb="0" cb="0"/><line nr="99" mi="0" ci="4" mb="0" cb="0"/><line nr="100" mi="0" ci="4" mb="0" cb="0"/><line nr="101" mi="0" ci="5" mb="0" cb="0"/><line nr="102" mi="0" ci="9" mb="0" cb="0"/><line nr="103" mi="0" ci="5" mb="0" cb="0"/><line nr="104" mi="0" ci="3" mb="0" cb="0"/><line nr="105" mi="0" ci="2" mb="0" cb="0"/><line nr="106" mi="1" ci="0" mb="0" cb="0"/><line nr="107" mi="4" ci="0" mb="0" cb="0"/><line nr="109" mi="0" ci="4" mb="0" cb="0"/><line nr="111" mi="2" ci="0" mb="0" cb="0"/><counter type="INSTRUCTION" missed="34" covered="223"/><counter type="BRANCH" missed="3" covered="3"/><counter type="LINE" missed="10" covered="56"/><counter type="COMPLEXITY" missed="3" covered="6"/><counter type="METHOD" missed="0" covered="6"/><counter type="CLASS" missed="0" covered="1"/></sourcefile><counter type="INSTRUCTION" missed="47" covered="316"/><counter type="BRANCH" missed="5" covered="5"/><counter type="LINE" missed="14" covered="81"/><counter type="COMPLEXITY" missed="5" covered="10"/><counter type="METHOD" missed="0" covered="10"/><counter type="CLASS" missed="0" covered="2"/></package><package name="com/parkit/parkingsystem/config"><class name="com/parkit/parkingsystem/config/DataBaseConfig" sourcefilename="DataBaseConfig.java"><method name="&lt;clinit&gt;" desc="()V" line="10"><counter type="INSTRUCTION" missed="0" covered="4"/><counter type="LINE" missed="0" covered="1"/><counter type="COMPLEXITY" missed="0" covered="1"/><counter type="METHOD" missed="0" covered="1"/></method><method name="&lt;init&gt;" desc="()V" line="8"><counter type="INSTRUCTION" missed="0" covered="3"/><counter type="LINE" missed="0" covered="1"/><counter type="COMPLEXITY" missed="0" covered="1"/><counter type="METHOD" missed="0" covered="1"/></method><method name="getConnection" desc="()Ljava/sql/Connection;" line="13"><counter type="INSTRUCTION" missed="11" covered="0"/><counter type="LINE" missed="4" covered="0"/><counter type="COMPLEXITY" missed="1" covered="0"/><counter type="METHOD" missed="1" covered="0"/></method><method name="closeConnection" desc="(Ljava/sql/Connection;)V" line="20"><counter type="INSTRUCTION" missed="14" covered="0"/><counter type="BRANCH" missed="2" covered="0"/><counter type="LINE" missed="6" covered="0"/><counter type="COMPLEXITY" missed="2" covered="0"/><counter type="METHOD" missed="1" covered="0"/></method><method name="closePreparedStatement" desc="(Ljava/sql/PreparedStatement;)V" line="31"><counter type="INSTRUCTION" missed="14" covered="0"/><counter type="BRANCH" missed="2" covered="0"/><counter type="LINE" missed="6" covered="0"/><counter type="COMPLEXITY" missed="2" covered="0"/><counter type="METHOD" missed="1" covered="0"/></method><method name="closeResultSet" desc="(Ljava/sql/ResultSet;)V" line="42"><counter type="INSTRUCTION" missed="14" covered="0"/><counter type="BRANCH" missed="2" covered="0"/><counter type="LINE" missed="6" covered="0"/><counter type="COMPLEXITY" missed="2" covered="0"/><counter type="METHOD" missed="1" covered="0"/></method><counter type="INSTRUCTION" missed="53" covered="7"/><counter type="BRANCH" missed="6" covered="0"/><counter type="LINE" missed="22" covered="2"/><counter type="COMPLEXITY" missed="7" covered="2"/><counter type="METHOD" missed="4" covered="2"/><counter type="CLASS" missed="0" covered="1"/></class><sourcefile name="DataBaseConfig.java"><line nr="8" mi="0" ci="3" mb="0" cb="0"/><line nr="10" mi="0" ci="4" mb="0" cb="0"/><line nr="13" mi="3" ci="0" mb="0" cb="0"/><line nr="14" mi="3" ci="0" mb="0" cb="0"/><line nr="15" mi="2" ci="0" mb="0" cb="0"/><line nr="16" mi="3" ci="0" mb="0" cb="0"/><line nr="20" mi="2" ci="0" mb="2" cb="0"/><line nr="22" mi="2" ci="0" mb="0" cb="0"/><line nr="23" mi="3" ci="0" mb="0" cb="0"/><line nr="24" mi="2" ci="0" mb="0" cb="0"/><line nr="25" mi="4" ci="0" mb="0" cb="0"/><line nr="28" mi="1" ci="0" mb="0" cb="0"/><line nr="31" mi="2" ci="0" mb="2" cb="0"/><line nr="33" mi="2" ci="0" mb="0" cb="0"/><line nr="34" mi="3" ci="0" mb="0" cb="0"/><line nr="35" mi="2" ci="0" mb="0" cb="0"/><line nr="36" mi="4" ci="0" mb="0" cb="0"/><line nr="39" mi="1" ci="0" mb="0" cb="0"/><line nr="42" mi="2" ci="0" mb="2" cb="0"/><line nr="44" mi="2" ci="0" mb="0" cb="0"/><line nr="45" mi="3" ci="0" mb="0" cb="0"/><line nr="46" mi="2" ci="0" mb="0" cb="0"/><line nr="47" mi="4" ci="0" mb="0" cb="0"/><line nr="50" mi="1" ci="0" mb="0" cb="0"/><counter type="INSTRUCTION" missed="53" covered="7"/><counter type="BRANCH" missed="6" covered="0"/><counter type="LINE" missed="22" covered="2"/><counter type="COMPLEXITY" missed="7" covered="2"/><counter type="METHOD" missed="4" covered="2"/><counter type="CLASS" missed="0" covered="1"/></sourcefile><counter type="INSTRUCTION" missed="53" covered="7"/><counter type="BRANCH" missed="6" covered="0"/><counter type="LINE" missed="22" covered="2"/><counter type="COMPLEXITY" missed="7" covered="2"/><counter type="METHOD" missed="4" covered="2"/><counter type="CLASS" missed="0" covered="1"/></package><counter type="INSTRUCTION" missed="258" covered="770"/><counter type="BRANCH" missed="26" covered="28"/><counter type="LINE" missed="93" covered="208"/><counter type="COMPLEXITY" missed="37" covered="52"/><counter type="METHOD" missed="18" covered="42"/><counter type="CLASS" missed="4" covered="9"/></report>